simpleDemo/build/intermediates/manifest_merge_blame_file/release/manifest-merger-blame-release-report.txt
1<?xml version="1.0" encoding="utf-8"?>
2<manifest xmlns:android="http://schemas.android.com/apk/res/android"
3    package="com.bc.solarsync"
4    android:versionCode="1"
5    android:versionName="1.0" >
6
7    <uses-sdk
8        android:minSdkVersion="21"
8-->src/main/AndroidManifest.xml
9        android:targetSdkVersion="28" />
9-->src/main/AndroidManifest.xml
10
11    <uses-permission android:name="android.permission.INTERNET" />
11-->[gtsdk-3.2.2.0.aar] AndroidManifest.xml:11:5-67
11-->[gtsdk-3.2.2.0.aar] AndroidManifest.xml:11:22-64
12    <uses-permission android:name="android.permission.READ_PHONE_STATE" />
12-->[gtsdk-3.2.2.0.aar] AndroidManifest.xml:12:5-75
12-->[gtsdk-3.2.2.0.aar] AndroidManifest.xml:12:22-72
13    <uses-permission android:name="android.permission.ACCESS_NETWORK_STATE" />
13-->[gtsdk-3.2.2.0.aar] AndroidManifest.xml:13:5-79
13-->[gtsdk-3.2.2.0.aar] AndroidManifest.xml:13:22-76
14    <uses-permission android:name="android.permission.ACCESS_WIFI_STATE" />
14-->[gtsdk-3.2.2.0.aar] AndroidManifest.xml:14:5-76
14-->[gtsdk-3.2.2.0.aar] AndroidManifest.xml:14:22-73
15    <uses-permission android:name="android.permission.WRITE_EXTERNAL_STORAGE" />
15-->[gtsdk-3.2.2.0.aar] AndroidManifest.xml:15:5-81
15-->[gtsdk-3.2.2.0.aar] AndroidManifest.xml:15:22-78
16    <uses-permission android:name="android.permission.VIBRATE" />
16-->[gtsdk-3.2.2.0.aar] AndroidManifest.xml:16:5-66
16-->[gtsdk-3.2.2.0.aar] AndroidManifest.xml:16:22-63
17    <uses-permission android:name="android.permission.GET_TASKS" /> <!-- 自定义权限 -->
17-->[gtsdk-3.2.2.0.aar] AndroidManifest.xml:17:5-68
17-->[gtsdk-3.2.2.0.aar] AndroidManifest.xml:17:22-65
18    <uses-permission android:name="getui.permission.GetuiService.com.bc.solarsync" />
18-->[gtsdk-3.2.2.0.aar] AndroidManifest.xml:20:5-86
18-->[gtsdk-3.2.2.0.aar] AndroidManifest.xml:20:22-83
19
20    <permission
20-->[gtsdk-3.2.2.0.aar] AndroidManifest.xml:22:5-24:44
21        android:name="getui.permission.GetuiService.com.bc.solarsync"
21-->[gtsdk-3.2.2.0.aar] AndroidManifest.xml:23:9-70
22        android:protectionLevel="normal" />
22-->[gtsdk-3.2.2.0.aar] AndroidManifest.xml:24:9-41
23
24    <uses-permission android:name="android.permission.READ_EXTERNAL_STORAGE" />
25
26    <supports-screens
26-->[lib.5plus.base-release.aar] AndroidManifest.xml:9:5-14:39
27        android:anyDensity="true"
27-->[lib.5plus.base-release.aar] AndroidManifest.xml:10:9-34
28        android:largeScreens="true"
28-->[lib.5plus.base-release.aar] AndroidManifest.xml:11:9-36
29        android:normalScreens="true"
29-->[lib.5plus.base-release.aar] AndroidManifest.xml:12:9-37
30        android:resizeable="true"
30-->[lib.5plus.base-release.aar] AndroidManifest.xml:13:9-34
31        android:smallScreens="true" />
31-->[lib.5plus.base-release.aar] AndroidManifest.xml:14:9-36
32    <!--
33    <uses-permission
34        android:name="com.android.launcher.permission.UNINSTALL_SHORTCUT" />
35    -->
36    <!-- 华为修改角标需要设置权限 -->
37    <uses-permission android:name="com.huawei.android.launcher.permission.CHANGE_BADGE" /> <!-- vivo 修改角标需要设置权限 -->
37-->[lib.5plus.base-release.aar] AndroidManifest.xml:24:5-91
37-->[lib.5plus.base-release.aar] AndroidManifest.xml:24:22-88
38    <uses-permission android:name="com.vivo.notification.permission.BADGE_ICON" />
38-->[lib.5plus.base-release.aar] AndroidManifest.xml:26:5-83
38-->[lib.5plus.base-release.aar] AndroidManifest.xml:26:22-80
39
40    <queries>
40-->[lib.5plus.base-release.aar] AndroidManifest.xml:28:5-37:15
41        <intent>
41-->[lib.5plus.base-release.aar] AndroidManifest.xml:29:9-31:18
42            <action android:name="android.intent.action.MAIN" />
42-->src/main/AndroidManifest.xml:22:17-69
42-->src/main/AndroidManifest.xml:22:25-66
43        </intent>
44        <intent>
44-->[lib.5plus.base-release.aar] AndroidManifest.xml:29:9-31:18
45            <action android:name="android.intent.action.VIEW" />
45-->src/main/AndroidManifest.xml:44:17-69
45-->src/main/AndroidManifest.xml:44:25-66
46
47            <category android:name="android.intent.category.DEFAULT" />
47-->src/main/AndroidManifest.xml:28:17-76
47-->src/main/AndroidManifest.xml:28:27-73
48        </intent>
49    </queries>
50
51    <uses-permission android:name="com.coloros.mcs.permission.RECIEVE_MCS_MESSAGE" />
51-->[oppo-3.0.3.aar] AndroidManifest.xml:11:5-86
51-->[oppo-3.0.3.aar] AndroidManifest.xml:11:22-83
52    <uses-permission android:name="com.heytap.mcs.permission.RECIEVE_MCS_MESSAGE" />
52-->[oppo-3.0.3.aar] AndroidManifest.xml:12:5-85
52-->[oppo-3.0.3.aar] AndroidManifest.xml:12:22-82
53
54    <permission
54-->[xmp-3.0.2.aar] AndroidManifest.xml:11:5-13:47
55        android:name="com.bc.solarsync.permission.MIPUSH_RECEIVE"
55-->[xmp-3.0.2.aar] AndroidManifest.xml:12:9-66
56        android:protectionLevel="signature" />
56-->[xmp-3.0.2.aar] AndroidManifest.xml:13:9-44
57
58    <uses-permission android:name="com.bc.solarsync.permission.MIPUSH_RECEIVE" /> <!-- 魅族 -->
58-->[xmp-3.0.2.aar] AndroidManifest.xml:15:5-82
58-->[xmp-3.0.2.aar] AndroidManifest.xml:15:22-79
59    <uses-permission android:name="com.meizu.flyme.push.permission.RECEIVE" />
59-->[mzp-3.0.2.aar] AndroidManifest.xml:12:5-79
59-->[mzp-3.0.2.aar] AndroidManifest.xml:12:22-76
60    <uses-permission android:name="com.meizu.c2dm.permission.RECEIVE" />
60-->[mzp-3.0.2.aar] AndroidManifest.xml:13:5-73
60-->[mzp-3.0.2.aar] AndroidManifest.xml:13:22-70
61    <uses-permission android:name="com.bc.solarsync.push.permission.MESSAGE" />
61-->[mzp-3.0.2.aar] AndroidManifest.xml:14:5-80
61-->[mzp-3.0.2.aar] AndroidManifest.xml:14:22-77
62    <uses-permission android:name="com.bc.solarsync.permission.C2D_MESSAGE" />
62-->[mzp-3.0.2.aar] AndroidManifest.xml:15:5-79
62-->[mzp-3.0.2.aar] AndroidManifest.xml:15:22-76
63
64    <permission
64-->[mzp-3.0.2.aar] AndroidManifest.xml:17:5-19:47
65        android:name="com.bc.solarsync.push.permission.MESSAGE"
65-->[mzp-3.0.2.aar] AndroidManifest.xml:18:9-64
66        android:protectionLevel="signature" />
66-->[mzp-3.0.2.aar] AndroidManifest.xml:19:9-44
67    <permission
67-->[mzp-3.0.2.aar] AndroidManifest.xml:20:5-22:47
68        android:name="com.bc.solarsync.permission.C2D_MESSAGE"
68-->[mzp-3.0.2.aar] AndroidManifest.xml:21:9-63
69        android:protectionLevel="signature" />
69-->[mzp-3.0.2.aar] AndroidManifest.xml:22:9-44
70
71    <uses-permission android:name="com.asus.msa.SupplementaryDID.ACCESS" />
71-->[oaid_sdk_1.0.25.aar] AndroidManifest.xml:13:5-76
71-->[oaid_sdk_1.0.25.aar] AndroidManifest.xml:13:22-73
72    <uses-permission android:name="freemme.permission.msa" />
72-->[oaid_sdk_1.0.25.aar] AndroidManifest.xml:15:5-62
72-->[oaid_sdk_1.0.25.aar] AndroidManifest.xml:15:22-59
73
74    <permission
74-->[com.huawei.hms:push:5.0.2.300] AndroidManifest.xml:9:5-11:55
75        android:name="com.bc.solarsync.permission.PROCESS_PUSH_MSG"
75-->[com.huawei.hms:push:5.0.2.300] AndroidManifest.xml:10:9-68
76        android:protectionLevel="signatureOrSystem" /> <!-- PUSH_PROVIDER and PUSH_WRITE_PROVIDER are both provider registered permissions for the notification switch. -->
76-->[com.huawei.hms:push:5.0.2.300] AndroidManifest.xml:11:9-52
77    <!-- The SDK's notification bar switch, EMUI 9.x becomes write to the local sp, sharing the file through the provider to the push-rom, which reads the sp file to get the status of the notification bar switch. -->
78    <permission
78-->[com.huawei.hms:push:5.0.2.300] AndroidManifest.xml:14:5-16:55
79        android:name="com.bc.solarsync.permission.PUSH_PROVIDER"
79-->[com.huawei.hms:push:5.0.2.300] AndroidManifest.xml:15:9-65
80        android:protectionLevel="signatureOrSystem" />
80-->[com.huawei.hms:push:5.0.2.300] AndroidManifest.xml:16:9-52
81    <permission
81-->[com.huawei.hms:push:5.0.2.300] AndroidManifest.xml:17:5-19:55
82        android:name="com.bc.solarsync.permission.PUSH_WRITE_PROVIDER"
82-->[com.huawei.hms:push:5.0.2.300] AndroidManifest.xml:18:9-71
83        android:protectionLevel="signatureOrSystem" />
83-->[com.huawei.hms:push:5.0.2.300] AndroidManifest.xml:19:9-52
84
85    <uses-permission android:name="com.bc.solarsync.permission.PROCESS_PUSH_MSG" />
85-->[com.huawei.hms:push:5.0.2.300] AndroidManifest.xml:21:5-84
85-->[com.huawei.hms:push:5.0.2.300] AndroidManifest.xml:21:22-81
86    <uses-permission android:name="com.bc.solarsync.permission.PUSH_PROVIDER" />
86-->[com.huawei.hms:push:5.0.2.300] AndroidManifest.xml:22:5-81
86-->[com.huawei.hms:push:5.0.2.300] AndroidManifest.xml:22:22-78
87    <uses-permission android:name="android.permission.FOREGROUND_SERVICE" /> <!-- 如果是安卓8.0，应用编译配置的targetSdkVersion>=26，请务必添加以下权限 -->
87-->[com.huawei.hms:push:5.0.2.300] AndroidManifest.xml:23:5-77
87-->[com.huawei.hms:push:5.0.2.300] AndroidManifest.xml:23:22-74
88    <uses-permission android:name="android.permission.REQUEST_INSTALL_PACKAGES" /> <!-- 应用市场9.0版本必须使用该权限获取用户的服务地 -->
88-->[com.huawei.hms:availableupdate:5.0.0.301] AndroidManifest.xml:16:5-83
88-->[com.huawei.hms:availableupdate:5.0.0.301] AndroidManifest.xml:16:22-80
89    <uses-permission android:name="com.huawei.appmarket.service.commondata.permission.GET_COMMON_DATA" />
89-->[com.huawei.hms:availableupdate:5.0.0.301] AndroidManifest.xml:18:5-106
89-->[com.huawei.hms:availableupdate:5.0.0.301] AndroidManifest.xml:18:22-103
90
91    <application
91-->src/main/AndroidManifest.xml:5:5-60:19
92        android:name="io.dcloud.application.DCloudApplication"
92-->[lib.5plus.base-release.aar] AndroidManifest.xml:170:9-63
93        android:allowBackup="true"
93-->src/main/AndroidManifest.xml:6:9-35
94        android:allowClearUserData="true"
94-->src/main/AndroidManifest.xml:7:9-42
95        android:appComponentFactory="androidx.core.app.CoreComponentFactory"
95-->[androidx.core:core:1.0.0] AndroidManifest.xml:22:18-86
96        android:extractNativeLibs="true"
96-->[uniapp-v8-release.aar] AndroidManifest.xml:29:18-50
97        android:icon="@drawable/icon"
97-->src/main/AndroidManifest.xml:8:9-38
98        android:label="@string/app_name"
98-->src/main/AndroidManifest.xml:9:9-41
99        android:largeHeap="true"
99-->src/main/AndroidManifest.xml:10:9-33
100        android:supportsRtl="true"
100-->src/main/AndroidManifest.xml:11:9-35
101        android:usesCleartextTraffic="true" >
101-->[gtsdk-3.2.2.0.aar] AndroidManifest.xml:26:18-53
102        <activity
102-->src/main/AndroidManifest.xml:12:9-31:20
103            android:name="io.dcloud.PandoraEntry"
103-->src/main/AndroidManifest.xml:13:13-50
104            android:configChanges="orientation|keyboardHidden|keyboard|navigation"
104-->src/main/AndroidManifest.xml:14:13-83
105            android:hardwareAccelerated="true"
105-->src/main/AndroidManifest.xml:17:13-47
106            android:label="@string/app_name"
106-->src/main/AndroidManifest.xml:15:13-45
107            android:launchMode="singleTask"
107-->src/main/AndroidManifest.xml:16:13-44
108            android:screenOrientation="user"
108-->src/main/AndroidManifest.xml:19:13-45
109            android:theme="@style/TranslucentTheme"
109-->src/main/AndroidManifest.xml:18:13-52
110            android:windowSoftInputMode="adjustResize" >
110-->src/main/AndroidManifest.xml:20:13-55
111            <intent-filter>
111-->src/main/AndroidManifest.xml:21:13-24:29
112                <action android:name="android.intent.action.MAIN" />
112-->src/main/AndroidManifest.xml:22:17-69
112-->src/main/AndroidManifest.xml:22:25-66
113
114                <category android:name="android.intent.category.LAUNCHER" />
114-->src/main/AndroidManifest.xml:23:17-77
114-->src/main/AndroidManifest.xml:23:27-74
115            </intent-filter>
116            <!-- oppo配置开始 -->
117            <intent-filter>
117-->src/main/AndroidManifest.xml:26:13-29:29
118                <action android:name="android.intent.action.oppopush" />
118-->src/main/AndroidManifest.xml:27:17-73
118-->src/main/AndroidManifest.xml:27:25-70
119
120                <category android:name="android.intent.category.DEFAULT" />
120-->src/main/AndroidManifest.xml:28:17-76
120-->src/main/AndroidManifest.xml:28:27-73
121            </intent-filter>
122            <!-- oppo配置结束 -->
123        </activity>
124        <activity
124-->src/main/AndroidManifest.xml:32:9-47:20
125            android:name="io.dcloud.PandoraEntryActivity"
125-->src/main/AndroidManifest.xml:33:13-58
126            android:configChanges="orientation|keyboardHidden|screenSize|mcc|mnc|fontScale|keyboard|smallestScreenSize|screenLayout|screenSize"
126-->src/main/AndroidManifest.xml:35:13-144
127            android:hardwareAccelerated="true"
127-->src/main/AndroidManifest.xml:36:13-47
128            android:launchMode="singleTask"
128-->src/main/AndroidManifest.xml:34:13-44
129            android:permission="com.miui.securitycenter.permission.AppPermissionsEditor"
129-->src/main/AndroidManifest.xml:37:13-89
130            android:screenOrientation="user"
130-->src/main/AndroidManifest.xml:38:13-45
131            android:theme="@style/DCloudTheme"
131-->src/main/AndroidManifest.xml:39:13-47
132            android:windowSoftInputMode="adjustResize" >
132-->src/main/AndroidManifest.xml:40:13-55
133            <intent-filter>
133-->src/main/AndroidManifest.xml:41:13-46:29
134                <category android:name="android.intent.category.DEFAULT" />
134-->src/main/AndroidManifest.xml:28:17-76
134-->src/main/AndroidManifest.xml:28:27-73
135                <category android:name="android.intent.category.BROWSABLE" />
135-->src/main/AndroidManifest.xml:43:17-78
135-->src/main/AndroidManifest.xml:43:27-75
136
137                <action android:name="android.intent.action.VIEW" />
137-->src/main/AndroidManifest.xml:44:17-69
137-->src/main/AndroidManifest.xml:44:25-66
138
139                <data android:scheme="h56131bcf" />
139-->src/main/AndroidManifest.xml:45:17-52
139-->src/main/AndroidManifest.xml:45:23-49
140            </intent-filter>
141        </activity>
142
143        <provider
143-->src/main/AndroidManifest.xml:48:9-56:20
144            android:name="io.dcloud.common.util.DCloud_FileProvider"
144-->src/main/AndroidManifest.xml:49:13-69
145            android:authorities="com.android.simple.dc.fileprovider"
145-->src/main/AndroidManifest.xml:50:13-69
146            android:exported="false"
146-->src/main/AndroidManifest.xml:51:13-37
147            android:grantUriPermissions="true" >
147-->src/main/AndroidManifest.xml:52:13-47
148            <meta-data
148-->src/main/AndroidManifest.xml:53:13-55:64
149                android:name="android.support.FILE_PROVIDER_PATHS"
149-->src/main/AndroidManifest.xml:54:17-67
150                android:resource="@xml/dcloud_file_provider" />
150-->src/main/AndroidManifest.xml:55:17-61
151        </provider>
152
153        <meta-data
153-->src/main/AndroidManifest.xml:57:9-59:64
154            android:name="dcloud_appkey"
154-->src/main/AndroidManifest.xml:58:13-41
155            android:value="f14aaa436c85e64d617b75b8ec6c8864" />
155-->src/main/AndroidManifest.xml:59:13-61
156
157        <service
157-->[aps-release.aar] AndroidManifest.xml:10:9-12:40
158            android:name="io.dcloud.feature.aps.ApsActionService"
158-->[aps-release.aar] AndroidManifest.xml:11:13-66
159            android:exported="false" />
159-->[aps-release.aar] AndroidManifest.xml:12:13-37
160
161        <meta-data
161-->[gtsdk-3.2.2.0.aar] AndroidManifest.xml:27:9-29:46
162            android:name="GETUI_APPID"
162-->[gtsdk-3.2.2.0.aar] AndroidManifest.xml:28:13-39
163            android:value="xN4SzW5lFF7pYX20iNGL12" /> <!-- 配置SDK核心服务 -->
163-->[gtsdk-3.2.2.0.aar] AndroidManifest.xml:29:13-43
164        <service
164-->[gtsdk-3.2.2.0.aar] AndroidManifest.xml:32:9-36:46
165            android:name="com.igexin.sdk.PushService"
165-->[gtsdk-3.2.2.0.aar] AndroidManifest.xml:33:13-54
166            android:exported="false"
166-->[gtsdk-3.2.2.0.aar] AndroidManifest.xml:34:13-37
167            android:label="NotificationCenter"
167-->[gtsdk-3.2.2.0.aar] AndroidManifest.xml:35:13-47
168            android:process=":pushservice" />
168-->[gtsdk-3.2.2.0.aar] AndroidManifest.xml:36:13-43
169
170        <receiver
170-->[gtsdk-3.2.2.0.aar] AndroidManifest.xml:38:9-45:20
171            android:name="com.igexin.sdk.PushReceiver"
171-->[gtsdk-3.2.2.0.aar] AndroidManifest.xml:39:13-55
172            android:exported="false" >
172-->[gtsdk-3.2.2.0.aar] AndroidManifest.xml:40:13-37
173            <intent-filter>
173-->[gtsdk-3.2.2.0.aar] AndroidManifest.xml:41:13-44:29
174                <action android:name="android.net.conn.CONNECTIVITY_CHANGE" />
174-->[gtsdk-3.2.2.0.aar] AndroidManifest.xml:42:17-79
174-->[gtsdk-3.2.2.0.aar] AndroidManifest.xml:42:25-76
175                <action android:name="android.intent.action.USER_PRESENT" />
175-->[gtsdk-3.2.2.0.aar] AndroidManifest.xml:43:17-77
175-->[gtsdk-3.2.2.0.aar] AndroidManifest.xml:43:25-74
176            </intent-filter>
177            <intent-filter>
177-->[aps-unipush-release.aar] AndroidManifest.xml:42:13-51:29
178                <action android:name="android.intent.action.BOOT_COMPLETED" />
178-->[aps-unipush-release.aar] AndroidManifest.xml:34:17-79
178-->[aps-unipush-release.aar] AndroidManifest.xml:34:25-76
179                <action android:name="android.net.conn.CONNECTIVITY_CHANGE" />
179-->[gtsdk-3.2.2.0.aar] AndroidManifest.xml:42:17-79
179-->[gtsdk-3.2.2.0.aar] AndroidManifest.xml:42:25-76
180                <action android:name="android.intent.action.USER_PRESENT" />
180-->[gtsdk-3.2.2.0.aar] AndroidManifest.xml:43:17-77
180-->[gtsdk-3.2.2.0.aar] AndroidManifest.xml:43:25-74
181                <action android:name="com.igexin.sdk.action.refreshls" />
181-->[aps-unipush-release.aar] AndroidManifest.xml:46:17-74
181-->[aps-unipush-release.aar] AndroidManifest.xml:46:25-71
182                <!-- 以下三项为可选的action声明，可大大提高service存活率和消息到达速度 -->
183                <action android:name="android.intent.action.MEDIA_MOUNTED" />
183-->[aps-unipush-release.aar] AndroidManifest.xml:48:17-78
183-->[aps-unipush-release.aar] AndroidManifest.xml:48:25-75
184                <action android:name="android.intent.action.ACTION_POWER_CONNECTED" />
184-->[aps-unipush-release.aar] AndroidManifest.xml:49:17-87
184-->[aps-unipush-release.aar] AndroidManifest.xml:49:25-84
185                <action android:name="android.intent.action.ACTION_POWER_DISCONNECTED" />
185-->[aps-unipush-release.aar] AndroidManifest.xml:50:17-90
185-->[aps-unipush-release.aar] AndroidManifest.xml:50:25-87
186            </intent-filter>
187        </receiver>
188
189        <activity
189-->[gtsdk-3.2.2.0.aar] AndroidManifest.xml:47:9-53:75
190            android:name="com.igexin.sdk.PushActivity"
190-->[gtsdk-3.2.2.0.aar] AndroidManifest.xml:48:13-55
191            android:excludeFromRecents="true"
191-->[gtsdk-3.2.2.0.aar] AndroidManifest.xml:49:13-46
192            android:exported="false"
192-->[gtsdk-3.2.2.0.aar] AndroidManifest.xml:50:13-37
193            android:process=":pushservice"
193-->[gtsdk-3.2.2.0.aar] AndroidManifest.xml:51:13-43
194            android:taskAffinity="com.igexin.sdk.PushActivityTask"
194-->[gtsdk-3.2.2.0.aar] AndroidManifest.xml:52:13-67
195            android:theme="@android:style/Theme.Translucent.NoTitleBar" />
195-->[gtsdk-3.2.2.0.aar] AndroidManifest.xml:53:13-72
196        <activity
196-->[gtsdk-3.2.2.0.aar] AndroidManifest.xml:54:9-60:75
197            android:name="com.igexin.sdk.GActivity"
197-->[gtsdk-3.2.2.0.aar] AndroidManifest.xml:55:13-52
198            android:excludeFromRecents="true"
198-->[gtsdk-3.2.2.0.aar] AndroidManifest.xml:56:13-46
199            android:exported="true"
199-->[gtsdk-3.2.2.0.aar] AndroidManifest.xml:57:13-36
200            android:process=":pushservice"
200-->[gtsdk-3.2.2.0.aar] AndroidManifest.xml:58:13-43
201            android:taskAffinity="com.igexin.sdk.PushActivityTask"
201-->[gtsdk-3.2.2.0.aar] AndroidManifest.xml:59:13-67
202            android:theme="@android:style/Theme.Translucent.NoTitleBar" />
202-->[gtsdk-3.2.2.0.aar] AndroidManifest.xml:60:13-72
203        <activity
203-->[lib.5plus.base-release.aar] AndroidManifest.xml:173:9-176:40
204            android:name="io.dcloud.imagepick.CustomGalleryActivity"
204-->[lib.5plus.base-release.aar] AndroidManifest.xml:174:13-69
205            android:exported="false"
205-->[lib.5plus.base-release.aar] AndroidManifest.xml:175:13-37
206            android:noHistory="true" />
206-->[lib.5plus.base-release.aar] AndroidManifest.xml:176:13-37
207        <activity
207-->[lib.5plus.base-release.aar] AndroidManifest.xml:177:9-181:58
208            android:name="io.dcloud.feature.nativeObj.photoview.PhotoActivity"
208-->[lib.5plus.base-release.aar] AndroidManifest.xml:178:13-79
209            android:exported="false"
209-->[lib.5plus.base-release.aar] AndroidManifest.xml:179:13-37
210            android:noHistory="false"
210-->[lib.5plus.base-release.aar] AndroidManifest.xml:180:13-38
211            android:theme="@style/DeviceDefault.Light" />
211-->[lib.5plus.base-release.aar] AndroidManifest.xml:181:13-55
212        <activity
212-->[lib.5plus.base-release.aar] AndroidManifest.xml:182:9-192:58
213            android:name="io.dcloud.WebAppActivity"
213-->[lib.5plus.base-release.aar] AndroidManifest.xml:183:13-52
214            android:configChanges="orientation|keyboardHidden|screenSize|mcc|mnc|fontScale"
214-->[lib.5plus.base-release.aar] AndroidManifest.xml:184:13-92
215            android:hardwareAccelerated="true"
215-->[lib.5plus.base-release.aar] AndroidManifest.xml:185:13-47
216            android:icon="@drawable/dcloud_recent"
216-->[lib.5plus.base-release.aar] AndroidManifest.xml:186:13-51
217            android:label="@string/stream_my"
217-->[lib.5plus.base-release.aar] AndroidManifest.xml:187:13-46
218            android:launchMode="singleTask"
218-->[lib.5plus.base-release.aar] AndroidManifest.xml:188:13-44
219            android:screenOrientation="portrait"
219-->[lib.5plus.base-release.aar] AndroidManifest.xml:189:13-49
220            android:taskAffinity=":stream"
220-->[lib.5plus.base-release.aar] AndroidManifest.xml:190:13-43
221            android:theme="@style/DCloudTheme"
221-->[lib.5plus.base-release.aar] AndroidManifest.xml:191:13-47
222            android:windowSoftInputMode="adjustResize" />
222-->[lib.5plus.base-release.aar] AndroidManifest.xml:192:13-55
223        <activity
223-->[lib.5plus.base-release.aar] AndroidManifest.xml:193:9-197:75
224            android:name="io.dcloud.ProcessMediator"
224-->[lib.5plus.base-release.aar] AndroidManifest.xml:194:13-53
225            android:excludeFromRecents="true"
225-->[lib.5plus.base-release.aar] AndroidManifest.xml:195:13-46
226            android:exported="false"
226-->[lib.5plus.base-release.aar] AndroidManifest.xml:196:13-37
227            android:theme="@android:style/Theme.Translucent.NoTitleBar" />
227-->[lib.5plus.base-release.aar] AndroidManifest.xml:197:13-72
228        <activity
228-->[lib.5plus.base-release.aar] AndroidManifest.xml:198:9-204:20
229            android:name="io.dcloud.WebviewActivity"
229-->[lib.5plus.base-release.aar] AndroidManifest.xml:199:13-53
230            android:exported="false"
230-->[lib.5plus.base-release.aar] AndroidManifest.xml:200:13-37
231            android:screenOrientation="portrait"
231-->[lib.5plus.base-release.aar] AndroidManifest.xml:201:13-49
232            android:theme="@style/ThemeNoTitleBar"
232-->[lib.5plus.base-release.aar] AndroidManifest.xml:202:13-51
233            android:windowSoftInputMode="adjustPan" >
233-->[lib.5plus.base-release.aar] AndroidManifest.xml:203:13-52
234        </activity>
235
236        <receiver
236-->[lib.5plus.base-release.aar] AndroidManifest.xml:206:9-214:20
237            android:name="io.dcloud.common.adapter.io.DownloadReceiver"
237-->[lib.5plus.base-release.aar] AndroidManifest.xml:207:13-72
238            android:exported="false" >
238-->[lib.5plus.base-release.aar] AndroidManifest.xml:208:13-37
239            <intent-filter>
239-->[lib.5plus.base-release.aar] AndroidManifest.xml:209:13-213:29
240                <action android:name="android.intent.action.PACKAGE_ADDED" />
240-->[lib.5plus.base-release.aar] AndroidManifest.xml:210:17-78
240-->[lib.5plus.base-release.aar] AndroidManifest.xml:210:25-75
241
242                <data android:scheme="package" /> <!-- HERE! -->
242-->src/main/AndroidManifest.xml:45:17-52
242-->src/main/AndroidManifest.xml:45:23-49
243            </intent-filter>
244        </receiver> <!-- gallery******start -->
245        <activity
245-->[lib.5plus.base-release.aar] AndroidManifest.xml:217:9-222:63
246            android:name="com.dmcbig.mediapicker.PickerActivity"
246-->[lib.5plus.base-release.aar] AndroidManifest.xml:218:13-65
247            android:configChanges="orientation|screenSize"
247-->[lib.5plus.base-release.aar] AndroidManifest.xml:219:13-59
248            android:exported="false"
248-->[lib.5plus.base-release.aar] AndroidManifest.xml:220:13-37
249            android:theme="@style/DeviceDefault.Light"
249-->[lib.5plus.base-release.aar] AndroidManifest.xml:221:13-55
250            android:windowSoftInputMode="stateAlwaysHidden" />
250-->[lib.5plus.base-release.aar] AndroidManifest.xml:222:13-60
251        <activity
251-->[lib.5plus.base-release.aar] AndroidManifest.xml:223:9-228:63
252            android:name="com.dmcbig.mediapicker.PreviewActivity"
252-->[lib.5plus.base-release.aar] AndroidManifest.xml:224:13-66
253            android:configChanges="orientation|screenSize"
253-->[lib.5plus.base-release.aar] AndroidManifest.xml:225:13-59
254            android:exported="false"
254-->[lib.5plus.base-release.aar] AndroidManifest.xml:226:13-37
255            android:theme="@style/DeviceDefault.Light"
255-->[lib.5plus.base-release.aar] AndroidManifest.xml:227:13-55
256            android:windowSoftInputMode="stateAlwaysHidden" /> <!-- gallery******end -->
256-->[lib.5plus.base-release.aar] AndroidManifest.xml:228:13-60
257        <!--
258            <provider
259            android:name="io.dcloud.common.util.DCloud_FileProvider"
260            android:authorities="${apk.applicationId}.dc.fileprovider"
261            android:exported="false"
262            android:grantUriPermissions="true">
263            <meta-data
264                android:name="android.support.FILE_PROVIDER_PATHS"
265                android:resource="@xml/dcloud_file_provider" />
266        </provider>
267        -->
268        <!--
269            <meta-data
270            android:name="DCLOUD_STREAMAPP_CHANNEL"
271            android:value="io.dcloud.%APPID%|%APPID%|" />
272        -->
273        <meta-data
273-->[lib.5plus.base-release.aar] AndroidManifest.xml:249:9-251:35
274            android:name="android.max_aspect"
274-->[lib.5plus.base-release.aar] AndroidManifest.xml:250:13-46
275            android:value="2.4" />
275-->[lib.5plus.base-release.aar] AndroidManifest.xml:251:13-32
276
277        <activity
277-->[lib.5plus.base-release.aar] AndroidManifest.xml:253:9-258:63
278            android:name="io.dcloud.feature.gallery.imageedit.IMGEditActivity"
278-->[lib.5plus.base-release.aar] AndroidManifest.xml:254:13-79
279            android:configChanges="orientation|keyboardHidden|screenSize"
279-->[lib.5plus.base-release.aar] AndroidManifest.xml:255:13-74
280            android:exported="false"
280-->[lib.5plus.base-release.aar] AndroidManifest.xml:256:13-37
281            android:theme="@style/ImageEditTheme"
281-->[lib.5plus.base-release.aar] AndroidManifest.xml:257:13-50
282            android:windowSoftInputMode="stateAlwaysHidden" />
282-->[lib.5plus.base-release.aar] AndroidManifest.xml:258:13-60
283
284        <service
284-->[lib.5plus.base-release.aar] AndroidManifest.xml:260:9-263:72
285            android:name="io.dcloud.ads.base.service.DownloadService"
285-->[lib.5plus.base-release.aar] AndroidManifest.xml:261:13-70
286            android:exported="false"
286-->[lib.5plus.base-release.aar] AndroidManifest.xml:262:13-37
287            android:permission="android.permission.BIND_JOB_SERVICE" />
287-->[lib.5plus.base-release.aar] AndroidManifest.xml:263:13-69
288        <service
288-->[oppo-3.0.3.aar] AndroidManifest.xml:15:9-22:19
289            android:name="com.igexin.sdk.OppoPushService"
289-->[oppo-3.0.3.aar] AndroidManifest.xml:16:13-58
290            android:permission="com.coloros.mcs.permission.SEND_MCS_MESSAGE"
290-->[oppo-3.0.3.aar] AndroidManifest.xml:17:13-77
291            android:process=":pushservice" >
291-->[oppo-3.0.3.aar] AndroidManifest.xml:18:13-43
292            <intent-filter>
292-->[oppo-3.0.3.aar] AndroidManifest.xml:19:13-21:29
293                <action android:name="com.coloros.mcs.action.RECEIVE_MCS_MESSAGE" />
293-->[oppo-3.0.3.aar] AndroidManifest.xml:20:17-85
293-->[oppo-3.0.3.aar] AndroidManifest.xml:20:25-82
294            </intent-filter>
295        </service>
296        <service
296-->[oppo-3.0.3.aar] AndroidManifest.xml:23:9-31:19
297            android:name="com.igexin.sdk.OppoAppPushService"
297-->[oppo-3.0.3.aar] AndroidManifest.xml:24:13-61
298            android:permission="com.heytap.mcs.permission.SEND_PUSH_MESSAGE"
298-->[oppo-3.0.3.aar] AndroidManifest.xml:25:13-77
299            android:process=":pushservice" >
299-->[oppo-3.0.3.aar] AndroidManifest.xml:26:13-43
300            <intent-filter>
300-->[oppo-3.0.3.aar] AndroidManifest.xml:27:13-30:29
301                <action android:name="com.heytap.mcs.action.RECEIVE_MCS_MESSAGE" />
301-->[oppo-3.0.3.aar] AndroidManifest.xml:28:17-84
301-->[oppo-3.0.3.aar] AndroidManifest.xml:28:25-81
302                <action android:name="com.heytap.msp.push.RECEIVE_MCS_MESSAGE" />
302-->[oppo-3.0.3.aar] AndroidManifest.xml:29:17-82
302-->[oppo-3.0.3.aar] AndroidManifest.xml:29:25-79
303            </intent-filter>
304        </service> <!-- 用户自定义服务继承自GTIntentService,作为SDK与APP桥梁服务,用来接收各种消息和命令回复 -->